[2018-11-02 19:18] blackcompany.com/Bob_Black/201811021918_1.eml : bob@blackcompany.com -> joe@redcompany.com OK
[2018-11-02 19:18] blackcompany.com/Bob_Black/201811021918_2.eml : bob@blackcompany.com -> joe@redcompany.com OK
[2018-11-02 19:18] blackcompany.com/Bob_Black/201811021918_3.eml : bob@blackcompany.com -> joe@redcompany.com OK
[2018-11-02 19:18] booboo.com/Samuel_Dube/201811021918_1.eml : honey@booboo.com -> samuel_personnel@outlook.com OK
[2018-11-02 19:18] booboo.com/Samuel_Dube/201811021918_2.eml : honey@booboo.com -> samuel_personnel@outlook.com OK
[2018-11-02 19:18] booboo.com/Samuel_Dube/201811021918_3.eml : honey@booboo.com -> samuel_personnel@outlook.com OK
[2018-11-02 19:18] swag.com/Olivier_Chan/201811021918_1.eml : xxxoli69xxx@swag.com -> ochan43@gmail.com OK
[2018-11-02 19:18] swag.com/Olivier_Chan/201811021918_2.eml : xxxoli69xxx@swag.com -> ochan43@gmail.com OK
[2018-11-02 19:18] swag.com/Olivier_Chan/201811021918_3.eml : xxxoli69xxx@swag.com -> ochan43@gmail.com OK
[2018-11-02 19:18] invalide/201811021918_3.eml : INVALIDE
[2018-11-02 19:18] invalide/201811021918_3.eml : INVALIDE
[2018-11-02 19:18] invalide/201811021918_3.eml : INVALIDE
[2018-11-02 19:18] invalide/201811021918_3.eml : INVALIDE
[2018-11-02 19:18] invalide/201811021918_3.eml : INVALIDE
[2018-11-02 19:18] invalide/201811021918_3.eml : INVALIDE
[2018-11-02 19:18] pelican.com/David_Goulet/201811021918_1.eml : david@pelican.com -> david_goulet@outlook.com OK
[2018-11-02 19:18] pelican.com/David_Goulet/201811021918_2.eml : david@pelican.com -> david_goulet@outlook.com OK
[2018-11-02 19:18] pelican.com/David_Goulet/201811021918_3.eml : david@pelican.com -> david_goulet@outlook.com OK
[2018-11-02 19:27] blackcompany.com/Bob_Black/201811021927_1.eml : bob@blackcompany.com -> joe@redcompany.com OK
[2018-11-02 19:27] swag.com/Olivier_Chan/201811021927_1.eml : xxxoli69xxx@swag.com -> ochan43@gmail.com OK
[2018-11-02 19:27] swag.com/Olivier_Chan/201811021927_2.eml : xxxoli69xxx@swag.com -> ochan43@gmail.com OK
[2018-11-02 19:27] swag.com/Olivier_Chan/201811021927_3.eml : xxxoli69xxx@swag.com -> ochan43@gmail.com OK
[2018-11-02 19:27] swag.com/Olivier_Chan/201811021927_4.eml : xxxoli69xxx@swag.com -> ochan43@gmail.com OK
[2018-11-02 19:27] swag.com/Olivier_Chan/201811021927_5.eml : xxxoli69xxx@swag.com -> ochan43@gmail.com OK
[2018-11-02 19:27] invalide/201811021927_5.eml : INVALIDE
[2018-11-02 19:27] invalide/201811021927_5.eml : INVALIDE
[2018-11-02 19:27] invalide/201811021927_5.eml : INVALIDE
[2018-11-02 19:27] invalide/201811021927_5.eml : INVALIDE
[2018-11-02 19:49] blackcompany.com/Bob_Black/201811021949_1.eml : bob@blackcompany.com -> honey@booboo.com OK
[2018-11-02 19:49] blackcompany.com/Bob_Black/201811021949_2.eml : bob@blackcompany.com -> xxxoli69xxx@swag.com OK
[2018-11-02 19:49] booboo.com/Samuel_Dube/201811021949_1.eml : honey@booboo.com -> samuel_personnel@outlook.com OK
[2018-11-02 19:49] booboo.com/Samuel_Dube/201811021949_2.eml : honey@booboo.com -> samuel_personnel@outlook.com OK
[2018-11-02 19:49] swag.com/Olivier_Chan/201811021949_1.eml : xxxoli69xxx@swag.com -> ochan43@gmail.com OK
[2018-11-02 19:49] swag.com/Olivier_Chan/201811021949_2.eml : xxxoli69xxx@swag.com -> david@pelican.com OK
[2018-11-02 19:49] invalide/201811021949_2.eml : INVALIDE
[2018-11-02 19:49] invalide/201811021949_2.eml : INVALIDE
[2018-11-02 19:49] pelican.com/David_Goulet/201811021949_1.eml : david@pelican.com -> david@pelican.com OK
